Watching for file changes with StatReloader
Not Found: /css/bootstrap.min.css
Not Found: /css/plugins.css
Not Found: /css/style.css
Not Found: /css/colors/scheme-06.css
Not Found: /images/wallet/1.png
Not Found: /css/de-black.css
Not Found: /images/logo-4.png
Not Found: /css/coloring.css
Not Found: /images/wallet/2.png
Not Found: /images/wallet/coinbase-logo.svg
Not Found: /js/plugins.js
Not Found: /images/wallet/phantom-wallet-logo.svg
Not Found: /js/designesia.js
Not Found: /images/items/bayc-1.png
Not Found: /images/wallet/safepal-logo.png
Not Found: /images/wallet/bitget-logo.webp
Not Found: /images/about.png
Not Found: /images/wallet/exodus-logo.png
Not Found: /images/items/punk-1.jpg
Not Found: /images/items/moonbird-1.jpg
Not Found: /images/items/penguin-1.jpg
Not Found: /images/items/smb-1.png
Not Found: /images/items/node-1.png
Not Found: /images/items/captain-1.png
Not Found: /images/items/azuki-1.png
Not Found: /images/author/author-1.jpg
Not Found: /images/author/author-2.jpg
Not Found: /images/author/author-3.jpg
Not Found: /images/author/author-4.jpg
Not Found: /images/author/author-5.jpg
Not Found: /images/author/author-6.jpg
Not Found: /images/author/author-7.jpg
Not Found: /images/author/author-10.jpg
Not Found: /images/logo_favicon.png
Not Found: /static/images/background/17.jpg
Not Found: /.well-known/appspecific/com.chrome.devtools.json
Not Found: /static/js/mdb.min.js.map
Not Found: /.well-known/appspecific/com.chrome.devtools.json
Not Found: /static/js/mdb.min.js.map
Not Found: /static/images/background/17.jpg
Not Found: /.well-known/appspecific/com.chrome.devtools.json
Not Found: /static/js/mdb.min.js.map
Not Found: /static/images/background/17.jpg
Not Found: /.well-known/appspecific/com.chrome.devtools.json
Not Found: /static/js/mdb.min.js.map
Not Found: /static/images/background/17.jpg
Not Found: /connect_wallet.html
Not Found: /.well-known/appspecific/com.chrome.devtools.json
Not Found: /favicon.ico
Not Found: /.well-known/appspecific/com.chrome.devtools.json
Not Found: /static/js/mdb.min.js.map
Not Found: /static/images/background/17.jpg
Not Found: /connect/{% static 'images/wallet/bitkeep-logo.png
Not Found: /connect/{% static 'images/wallet/bitget-logo.webp
Not Found: /static/images/background/17.jpg
Not Found: /static/images/background/17.jpg
Not Found: /.well-known/appspecific/com.chrome.devtools.json
Not Found: /static/js/mdb.min.js.map
Not Found: /.well-known/appspecific/com.chrome.devtools.json
Not Found: /connect/{% static 'images/wallet/bitkeep-logo.png
Not Found: /connect/{% static 'images/wallet/bitget-logo.webp
Not Found: /static/js/mdb.min.js.map
Not Found: /.well-known/appspecific/com.chrome.devtools.json
Not Found: /static/js/mdb.min.js.map
Not Found: /.well-known/appspecific/com.chrome.devtools.json
Not Found: /static/js/mdb.min.js.map
C:\Users\USER\Documents\Projects\Projects\wsyncs\wsync\wsync\urls.py changed, reloading.
Watching for file changes with StatReloader
Not Found: /.well-known/appspecific/com.chrome.devtools.json
Not Found: /static/images/about.png
Not Found: /static/images/items/bayc-1.png
Not Found: /static/images/items/punk-1.jpg
Not Found: /static/images/items/node-1.png
Not Found: /static/images/items/moonbird-1.jpg
Not Found: /static/images/items/penguin-1.jpg
Not Found: /static/images/items/captain-1.png
Not Found: /static/images/items/smb-1.png
Not Found: /static/images/items/azuki-1.png
Not Found: /static/images/author/author-1.jpg
Not Found: /static/images/author/author-2.jpg
Not Found: /static/images/author/author-3.jpg
Not Found: /static/images/author/author-4.jpg
Not Found: /static/images/author/author-5.jpg
Not Found: /static/images/author/author-6.jpg
Not Found: /static/images/author/author-7.jpg
Not Found: /static/images/author/author-10.jpg
Not Found: /static/images/background/18.jpg
Not Found: /static/js/mdb.min.js.map
Not Found: /static/images/background/17.jpg
Watching for file changes with StatReloader
Not Found: /static/images/about.png
Not Found: /static/images/items/bayc-1.png
Not Found: /static/images/items/node-1.png
Not Found: /static/images/items/punk-1.jpg
Not Found: /static/images/items/captain-1.png
Not Found: /static/images/items/moonbird-1.jpg
Not Found: /static/images/items/azuki-1.png
Not Found: /static/images/items/penguin-1.jpg
Not Found: /static/images/author/author-1.jpg
Not Found: /static/images/items/smb-1.png
Not Found: /static/images/author/author-2.jpg
Not Found: /static/images/author/author-3.jpg
Not Found: /static/images/author/author-4.jpg
Not Found: /static/images/author/author-5.jpg
Not Found: /static/images/author/author-7.jpg
Not Found: /static/images/author/author-6.jpg
Not Found: /static/images/author/author-10.jpg
Not Found: /static/images/background/18.jpg
Not Found: /static/images/background/17.jpg
Not Found: /static/css/bootstrap.min.css
Not Found: /static/css/plugins.css
Not Found: /static/css/style.css
Not Found: /static/fonts/font-awesome/css/font-awesome.css
Not Found: /static/fonts/elegant_font/HTML_CSS/style.css
Not Found: /static/fonts/et-line-font/style.css
Not Found: /static/fonts/icofont/icofont.min.css
Not Found: /static/css/colors/scheme-06.css
Not Found: /static/css/coloring.css
Not Found: /static/css/de-black.css
Not Found: /.well-known/appspecific/com.chrome.devtools.json
Not Found: /static/js/mdb.min.js.map
C:\Users\USER\Documents\Projects\Projects\wsyncs\wsync\wsync\urls.py changed, reloading.
Watching for file changes with StatReloader
Not Found: /.well-known/appspecific/com.chrome.devtools.json
Not Found: /static/js/mdb.min.js.map
Not Found: /static/images/background/17.jpg
C:\Users\USER\Documents\Projects\Projects\wsyncs\wsync\wsync\urls.py changed, reloading.
Watching for file changes with StatReloader
C:\Users\USER\Documents\Projects\Projects\wsyncs\wsync\wsync\urls.py changed, reloading.
Watching for file changes with StatReloader
C:\Users\USER\Documents\Projects\Projects\wsyncs\wsync\accounts\urls.py changed, reloading.
Watching for file changes with StatReloader
Not Found: /
Not Found: /.well-known/appspecific/com.chrome.devtools.json
Not Found: /.well-known/appspecific/com.chrome.devtools.json
Not Found: /static/css/bootstrap.min.css
Not Found: /static/css/de-black.css
Not Found: /static/css/plugins.css
Not Found: /static/css/style.css
Not Found: /static/css/colors/scheme-06.css
Not Found: /static/images/logo-4.png
Not Found: /static/images/wallet/1.png
Not Found: /static/images/wallet/2.png
Not Found: /static/images/wallet/phantom-wallet-logo.svg
Not Found: /static/images/wallet/coinbase-logo.svg
Not Found: /static/css/coloring.css
Not Found: /static/js/plugins.js
Not Found: /static/js/designesia.js
Not Found: /static/images/wallet/bitget-logo.webp
Not Found: /static/images/about.png
Not Found: /static/images/wallet/exodus-logo.png
Not Found: /static/images/wallet/safepal-logo.png
Not Found: /static/images/items/bayc-1.png
Not Found: /static/images/items/punk-1.jpg
Not Found: /static/images/items/smb-1.png
Not Found: /static/images/items/penguin-1.jpg
Not Found: /static/images/items/moonbird-1.jpg
Not Found: /static/images/items/node-1.png
Not Found: /static/images/items/captain-1.png
Not Found: /static/images/items/azuki-1.png
Not Found: /static/images/author/author-2.jpg
Not Found: /static/images/author/author-1.jpg
Not Found: /static/images/author/author-3.jpg
Not Found: /static/images/author/author-4.jpg
Not Found: /static/images/author/author-5.jpg
Not Found: /static/images/author/author-6.jpg
Not Found: /static/images/author/author-7.jpg
Not Found: /static/images/author/author-10.jpg
Not Found: /static/images/logo_favicon.png
C:\Users\USER\Documents\Projects\Projects\wsyncs\wsync\wsync\settings.py changed, reloading.
Watching for file changes with StatReloader
Not Found: /.well-known/appspecific/com.chrome.devtools.json
C:\Users\USER\Documents\Projects\Projects\wsyncs\wsync\wsync\settings.py changed, reloading.
Watching for file changes with StatReloader
Not Found: /.well-known/appspecific/com.chrome.devtools.json
Not Found: /static/js/mdb.min.js.map
Not Found: /static/images/background/17.jpg
Not Found: /.well-known/appspecific/com.chrome.devtools.json
Not Found: /static/images/wallet/atomic-wallet-svgrepo-com.png
Not Found: /static/images/wallet/XDEFI_Wallet_Icon.png
Not Found: /static/images/wallet/telegram-wallet-logo.jpg
Not Found: /static/images/wallet/tomo-wallet-logo.png
Not Found: /static/images/wallet/zerion-logo.jpg
Not Found: /static/images/wallet/tonkeeper-logo.png
Not Found: /static/images/wallet/argent-logo.png
Not Found: /static/images/wallet/myetherwallet-logo.png
Not Found: /static/images/wallet/bitkeep-logo.png
Not Found: /static/js/mdb.min.js.map
C:\Users\USER\Documents\Projects\Projects\wsyncs\wsync\accounts\urls.py changed, reloading.
Watching for file changes with StatReloader
C:\Users\USER\Documents\Projects\Projects\wsyncs\wsync\accounts\urls.py changed, reloading.
Watching for file changes with StatReloader
C:\Users\USER\Documents\Projects\Projects\wsyncs\wsync\accounts\urls.py changed, reloading.
Watching for file changes with StatReloader
C:\Users\USER\Documents\Projects\Projects\wsyncs\wsync\accounts\urls.py changed, reloading.
Watching for file changes with StatReloader
Not Found: /.well-known/appspecific/com.chrome.devtools.json
Not Found: /static/fonts/font-awesome/css/font-awesome.css
Not Found: /static/fonts/elegant_font/HTML_CSS/style.css
Not Found: /static/fonts/et-line-font/style.css
Not Found: /static/fonts/icofont/icofont.min.css
Not Found: /static/images/wallet/atomic-wallet-svgrepo-com.png
Not Found: /static/images/wallet/XDEFI_Wallet_Icon.png
Not Found: /static/images/wallet/zerion-logo.jpg
Not Found: /static/images/wallet/bitkeep-logo.png
Not Found: /static/images/wallet/argent-logo.png
Not Found: /static/images/wallet/telegram-wallet-logo.jpg
Not Found: /static/images/wallet/tomo-wallet-logo.png
Not Found: /static/images/wallet/myetherwallet-logo.png
Not Found: /static/images/wallet/tonkeeper-logo.png
Not Found: /static/js/mdb.min.js.map
C:\Users\USER\Documents\Projects\Projects\wsyncs\wsync\accounts\urls.py changed, reloading.
Watching for file changes with StatReloader
Not Found: /.well-known/appspecific/com.chrome.devtools.json
Not Found: /static/fonts/elegant_font/HTML_CSS/style.css
Not Found: /static/fonts/font-awesome/css/font-awesome.css
Not Found: /static/fonts/et-line-font/style.css
Not Found: /static/fonts/icofont/icofont.min.css
Not Found: /static/images/wallet/XDEFI_Wallet_Icon.png
Not Found: /static/images/wallet/zerion-logo.jpg
Not Found: /static/images/wallet/atomic-wallet-svgrepo-com.png
Not Found: /static/images/wallet/argent-logo.png
Not Found: /static/images/wallet/myetherwallet-logo.png
Not Found: /static/images/wallet/bitkeep-logo.png
Not Found: /static/images/wallet/telegram-wallet-logo.jpg
Not Found: /static/images/wallet/tomo-wallet-logo.png
Not Found: /static/images/wallet/tonkeeper-logo.png
Not Found: /static/js/mdb.min.js.map
C:\Users\USER\Documents\Projects\Projects\wsyncs\wsync\wsync\urls.py changed, reloading.
Watching for file changes with StatReloader
C:\Users\USER\Documents\Projects\Projects\wsyncs\wsync\wsync\urls.py changed, reloading.
Watching for file changes with StatReloader
C:\Users\USER\Documents\Projects\Projects\wsyncs\wsync\wsync\urls.py changed, reloading.
Watching for file changes with StatReloader
Not Found: /en/connect/
Not Found: /.well-known/appspecific/com.chrome.devtools.json
Not Found: /.well-known/appspecific/com.chrome.devtools.json
Not Found: /static/js/mdb.min.js.map
Not Found: /static/images/background/17.jpg
Not Found: /.well-known/appspecific/com.chrome.devtools.json
Not Found: /static/js/mdb.min.js.map
C:\Users\USER\Documents\Projects\Projects\wsyncs\wsync\accounts\views.py changed, reloading.
Watching for file changes with StatReloader
C:\Users\USER\Documents\Projects\Projects\wsyncs\wsync\accounts\urls.py changed, reloading.
Watching for file changes with StatReloader
C:\Users\USER\Documents\Projects\Projects\wsyncs\wsync\accounts\views.py changed, reloading.
Watching for file changes with StatReloader
C:\Users\USER\Documents\Projects\Projects\wsyncs\wsync\accounts\views.py changed, reloading.
Watching for file changes with StatReloader
C:\Users\USER\Documents\Projects\Projects\wsyncs\wsync\accounts\views.py changed, reloading.
Watching for file changes with StatReloader
C:\Users\USER\Documents\Projects\Projects\wsyncs\wsync\accounts\views.py changed, reloading.
Watching for file changes with StatReloader
C:\Users\USER\Documents\Projects\Projects\wsyncs\wsync\accounts\views.py changed, reloading.
Watching for file changes with StatReloader
Not Found: /.well-known/appspecific/com.chrome.devtools.json
Not Found: /static/js/mdb.min.js.map
Internal Server Error: /
Traceback (most recent call last):
  File "C:\Users\USER\Documents\Projects\Projects\wsyncs\wsync\venv\Lib\site-packages\django\core\handlers\exception.py", line 55, in inner
    response = get_response(request)
  File "C:\Users\USER\Documents\Projects\Projects\wsyncs\wsync\venv\Lib\site-packages\django\core\handlers\base.py", line 197, in _get_response
    response = wrapped_callback(request, *callback_args, **callback_kwargs)
  File "C:\Users\USER\Documents\Projects\Projects\wsyncs\wsync\accounts\views.py", line 53, in empty
    return render(request,'page.html')
           ^^^^^^^^^^^^^^^^^^^^^^
  File "C:\Users\USER\Documents\Projects\Projects\wsyncs\wsync\venv\Lib\site-packages\django\shortcuts.py", line 25, in render
    content = loader.render_to_string(template_name, context, request, using=using)
  File "C:\Users\USER\Documents\Projects\Projects\wsyncs\wsync\venv\Lib\site-packages\django\template\loader.py", line 61, in render_to_string
    template = get_template(template_name, using=using)
  File "C:\Users\USER\Documents\Projects\Projects\wsyncs\wsync\venv\Lib\site-packages\django\template\loader.py", line 19, in get_template
    raise TemplateDoesNotExist(template_name, chain=chain)
django.template.exceptions.TemplateDoesNotExist: page
Not Found: /.well-known/appspecific/com.chrome.devtools.json
C:\Users\USER\Documents\Projects\Projects\wsyncs\wsync\accounts\urls.py changed, reloading.
Watching for file changes with StatReloader
C:\Users\USER\Documents\Projects\Projects\wsyncs\wsync\accounts\urls.py changed, reloading.
Watching for file changes with StatReloader
Not Found: /.well-known/appspecific/com.chrome.devtools.json
Not Found: /.well-known/appspecific/com.chrome.devtools.json
Not Found: /static/js/mdb.min.js.map
Not Found: /static/images/background/17.jpg
C:\Users\USER\Documents\Projects\Projects\wsyncs\wsync\wsync\settings.py changed, reloading.
Watching for file changes with StatReloader
